{
  "RSpec": {
    "coverage": {
      "/Users/enowmbi/projects/ruby_and_rails/e-commerce-api/config/environment.rb": {
        "lines": [
          null,
          1,
          null,
          null,
          1
        ]
      },
      "/Users/enowmbi/projects/ruby_and_rails/e-commerce-api/config/application.rb": {
        "lines": [
          1,
          null,
          1,
          null,
          1,
          1,
          1,
          1,
          1,
          1,
          1,
          1,
          1,
          1,
          null,
          null,
          null,
          null,
          1,
          null,
          1,
          1,
          null,
          1,
          null,
          null,
          null,
          null,
          null,
          null,
          null,
          null,
          null,
          null,
          null,
          null,
          1,
          null,
          null
        ]
      },
      "/Users/enowmbi/projects/ruby_and_rails/e-commerce-api/config/boot.rb": {
        "lines": [
          1,
          null,
          1,
          1
        ]
      },
      "/Users/enowmbi/projects/ruby_and_rails/e-commerce-api/config/initializers/cors.rb": {
        "lines": [
          null,
          null,
          null,
          null,
          null,
          null,
          null,
          null,
          null,
          null,
          null,
          null,
          null,
          null,
          null,
          null
        ]
      },
      "/Users/enowmbi/projects/ruby_and_rails/e-commerce-api/config/initializers/filter_parameter_logging.rb": {
        "lines": [
          null,
          null,
          null,
          null,
          null,
          1,
          null,
          null
        ]
      },
      "/Users/enowmbi/projects/ruby_and_rails/e-commerce-api/config/initializers/inflections.rb": {
        "lines": [
          null,
          null,
          null,
          null,
          null,
          null,
          null,
          null,
          null,
          null,
          null,
          null,
          null,
          null,
          null,
          null
        ]
      },
      "/Users/enowmbi/projects/ruby_and_rails/e-commerce-api/config/routes.rb": {
        "lines": [
          1,
          1,
          null,
          null,
          null,
          null,
          null
        ]
      },
      "/Users/enowmbi/projects/ruby_and_rails/e-commerce-api/app/models/user.rb": {
        "lines": [
          1,
          null
        ]
      },
      "/Users/enowmbi/projects/ruby_and_rails/e-commerce-api/app/models/application_record.rb": {
        "lines": [
          1,
          1,
          null
        ]
      },
      "/Users/enowmbi/projects/ruby_and_rails/e-commerce-api/app/controllers/users_controller.rb": {
        "lines": [
          1,
          1,
          null,
          null,
          1,
          0,
          null,
          0,
          null,
          null,
          null,
          1,
          0,
          null,
          null,
          null,
          1,
          0,
          null,
          0,
          0,
          null,
          0,
          null,
          null,
          null,
          null,
          1,
          0,
          0,
          null,
          0,
          null,
          null,
          null,
          null,
          1,
          0,
          null,
          null,
          1,
          null,
          1,
          0,
          null,
          null,
          null,
          1,
          0,
          null,
          null
        ]
      },
      "/Users/enowmbi/projects/ruby_and_rails/e-commerce-api/app/controllers/application_controller.rb": {
        "lines": [
          1,
          null
        ]
      }
    },
    "timestamp": 1664964790
  }
}
